Build started 09.03.2014 23:51:12.
     1>Project "C:\Users\Ion\Documents\Projects\XOgame\XOgame\XOgame.vcxproj" on node 2 (Build target(s)).
     1>ClCompile:
         C:\Program Files (x86)\Microsoft Visual Studio 12.0\VC\bin\CL.exe /c /Zi /nologo /W3 /WX- /O2 /Oi /Oy- /GL /D WIN32 /D NDEBUG /D _WINDOWS /D _MBCS /Gm- /EHsc /MD /GS /Gy /fp:precise /Zc:wchar_t /Zc:forScope /Fo"Release\\" /Fd"Release\vc120.pdb" /Gd /TP /analyze- /errorReport:prompt main.cpp
         main.cpp
     1>main.cpp(42): warning C4305: 'initializing' : truncation from 'double' to 'GLfloat'
     1>main.cpp(645): warning C4305: '=' : truncation from 'double' to 'GLfloat'
     1>main.cpp(653): warning C4305: '=' : truncation from 'double' to 'GLfloat'
     1>main.cpp(661): warning C4305: '=' : truncation from 'double' to 'GLfloat'
     1>main.cpp(793): warning C4018: '<=' : signed/unsigned mismatch
     1>main.cpp(1009): warning C4244: '=' : conversion from 'float' to 'int', possible loss of data
     1>main.cpp(1010): warning C4244: '=' : conversion from 'float' to 'int', possible loss of data
       Link:
         C:\Program Files (x86)\Microsoft Visual Studio 12.0\VC\bin\link.exe /ERRORREPORT:PROMPT /OUT:"C:\Users\Ion\Documents\Projects\XOgame\Release\XOgame.exe" /INCREMENTAL:NO /NOLOGO OpenGL32.lib glew32.lib freeglut.lib glu32.lib SOIL.lib irrKlang.lib kernel32.lib user32.lib gdi32.lib winspool.lib comdlg32.lib advapi32.lib shell32.lib ole32.lib oleaut32.lib uuid.lib odbc32.lib odbccp32.lib /MANIFEST /MANIFESTUAC:"level='asInvoker' uiAccess='false'" /manifest:embed /DEBUG /PDB:"C:\Users\Ion\Documents\Projects\XOgame\Release\XOgame.pdb" /SUBSYSTEM:WINDOWS /OPT:REF /OPT:ICF /LTCG /TLBID:1 /DYNAMICBASE /NXCOMPAT /IMPLIB:"C:\Users\Ion\Documents\Projects\XOgame\Release\XOgame.lib" /MACHINE:X86 /SAFESEH Release\Firework.obj
         Release\main.obj
         Release\XO.obj
     1>SOIL.lib(SOIL.obj) : warning LNK4075: ignoring '/EDITANDCONTINUE' due to '/OPT:ICF' specification
     1>LINK : warning LNK4098: defaultlib 'MSVCRTD' conflicts with use of other libs; use /NODEFAULTLIB:library
         Generating code
         Finished generating code
     1>SOIL.lib(image_DXT.obj) : warning LNK4099: PDB 'vc100.pdb' was not found with 'SOIL.lib(image_DXT.obj)' or at 'C:\Users\Ion\Documents\Projects\XOgame\Release\vc100.pdb'; linking object as if no debug info
     1>SOIL.lib(image_helper.obj) : warning LNK4099: PDB 'vc100.pdb' was not found with 'SOIL.lib(image_helper.obj)' or at 'C:\Users\Ion\Documents\Projects\XOgame\Release\vc100.pdb'; linking object as if no debug info
     1>SOIL.lib(SOIL.obj) : warning LNK4099: PDB 'vc100.pdb' was not found with 'SOIL.lib(SOIL.obj)' or at 'C:\Users\Ion\Documents\Projects\XOgame\Release\vc100.pdb'; linking object as if no debug info
     1>SOIL.lib(stb_image_aug.obj) : warning LNK4099: PDB 'vc100.pdb' was not found with 'SOIL.lib(stb_image_aug.obj)' or at 'C:\Users\Ion\Documents\Projects\XOgame\Release\vc100.pdb'; linking object as if no debug info
         XOgame.vcxproj -> C:\Users\Ion\Documents\Projects\XOgame\Release\XOgame.exe
     1>Done Building Project "C:\Users\Ion\Documents\Projects\XOgame\XOgame\XOgame.vcxproj" (Build target(s)).

Build succeeded.

Time Elapsed 00:00:02.19
