c:\users\ion\documents\visual studio 2010\projects\xogame\xogame\release\xo.obj
c:\users\ion\documents\visual studio 2010\projects\xogame\xogame\release\main.obj
c:\users\ion\documents\visual studio 2010\projects\xogame\xogame\release\vc100.pdb
c:\users\ion\documents\visual studio 2010\projects\xogame\release\xogame.exe
c:\users\ion\documents\visual studio 2010\projects\xogame\xogame\release\xogame.exe.intermediate.manifest
c:\users\ion\documents\visual studio 2010\projects\xogame\release\xogame.pdb
c:\users\ion\documents\projects\xogame\xogame\release\vc120.pdb
c:\users\ion\documents\projects\xogame\xogame\release\xo.obj
c:\users\ion\documents\projects\xogame\xogame\release\main.obj
c:\users\ion\documents\projects\xogame\xogame\release\cl.command.1.tlog
c:\users\ion\documents\projects\xogame\xogame\release\cl.read.1.tlog
c:\users\ion\documents\projects\xogame\xogame\release\cl.write.1.tlog
c:\users\ion\documents\projects\xogame\xogame\release\link.command.1.tlog
c:\users\ion\documents\projects\xogame\xogame\release\link.read.1.tlog
c:\users\ion\documents\projects\xogame\xogame\release\link.write.1.tlog
c:\users\ion\documents\projects\xogame\xogame\release\mt.command.1.tlog
c:\users\ion\documents\projects\xogame\xogame\release\mt.read.1.tlog
c:\users\ion\documents\projects\xogame\xogame\release\mt.write.1.tlog
c:\users\ion\documents\projects\xogame\xogame\release\xogame.exe.intermediate.manifest
c:\users\ion\documents\projects\xogame\xogame\release\vc100.pdb
c:\users\ion\documents\projects\xogame\release\xogame.pdb
c:\users\ion\documents\projects\xogame\xogame\release\xogame.tlog\cl.command.1.tlog
c:\users\ion\documents\projects\xogame\xogame\release\xogame.tlog\cl.read.1.tlog
c:\users\ion\documents\projects\xogame\xogame\release\xogame.tlog\cl.write.1.tlog
c:\users\ion\documents\projects\xogame\xogame\release\xogame.tlog\link-cvtres.read.1.tlog
c:\users\ion\documents\projects\xogame\xogame\release\xogame.tlog\link-cvtres.write.1.tlog
c:\users\ion\documents\projects\xogame\xogame\release\xogame.tlog\link-rc.read.1.tlog
c:\users\ion\documents\projects\xogame\xogame\release\xogame.tlog\link-rc.write.1.tlog
c:\users\ion\documents\projects\xogame\xogame\release\xogame.tlog\link.command.1.tlog
c:\users\ion\documents\projects\xogame\xogame\release\xogame.tlog\link.read.1.tlog
c:\users\ion\documents\projects\xogame\xogame\release\xogame.tlog\link.write.1.tlog
